<?xml version="1.0" encoding="UTF-8"?>
<!-- Generated by org.testng.reporters.JUnitReportReporter -->
<testsuite hostname="LAPTOP-5FNDLE98" failures="0" tests="9" name="com.selenium.Test.testCases" time="65.347" errors="0" timestamp="2021-09-29T09:33:29 IST" skipped="0">
  <testcase classname="com.selenium.Test.testCases" name="popup" time="10.563"/>
  <system-out/>
  <testcase classname="com.selenium.Test.testCases" name="bookshelves" time="1.969"/>
  <system-out/>
  <testcase classname="com.selenium.Test.testCases" name="storage" time="0.794"/>
  <system-out/>
  <testcase classname="com.selenium.Test.testCases" name="slider" time="7.705"/>
  <system-out/>
  <testcase classname="com.selenium.Test.testCases" name="checkbox" time="2.586"/>
  <system-out/>
  <testcase classname="com.selenium.Test.testCases" name="printItems" time="1.038"/>
  <system-out/>
  <testcase classname="com.selenium.Test.testCases" name="collections" time="1.223"/>
  <system-out/>
  <testcase classname="com.selenium.Test.testCases" name="printSubmenu" time="0.328"/>
  <system-out/>
  <testcase classname="com.selenium.Test.testCases" name="giftCard" time="39.141"/>
  <system-out/>
</testsuite> <!-- com.selenium.Test.testCases -->
